-------------------------------------------------------------------------------
Test set: com.featureflagx.performance.FlagApiPerformanceTest
-------------------------------------------------------------------------------
Tests run: 1, Failures: 0, Errors: 1, Skipped: 0, Time elapsed: 0.024 s <<< FAILURE! - in com.featureflagx.performance.FlagApiPerformanceTest
com.featureflagx.performance.FlagApiPerformanceTest  Time elapsed: 0.024 s  <<< ERROR!
java.lang.IllegalStateException: Previous attempts to find a Docker environment failed. Will not retry. Please see logs and check configuration

