<?xml version="1.0" encoding="UTF-8"?>
<testsuite xmlns:xsi="http://www.w3.org/2001/XMLSchema-instance" xsi:noNamespaceSchemaLocation="https://maven.apache.org/surefire/maven-surefire-plugin/xsd/surefire-test-report.xsd" name="com.featureflagx.integration.FlagControllerIntegrationTest" time="0.619" tests="1" errors="1" skipped="0" failures="0">
  <properties>
[...]
</properties>
  <testcase name="com.featureflagx.integration.FlagControllerIntegrationTest" classname="com.featureflagx.integration.FlagControllerIntegrationTest" time="0.619">
    <error message="Previous attempts to find a Docker environment failed. Will not retry. Please see logs and check configuration" type="java.lang.IllegalStateException">java.lang.IllegalStateException: Previous attempts to find a Docker environment failed. Will not retry. Please see logs and check configuration
</error>
    <system-out><![CDATA[2025-06-03 19:05:18.006  INFO 29362 --- [           main] o.s.t.c.support.AbstractContextLoader    : Could not detect default resource locations for test class [com.featureflagx.integration.AbstractIntegrationTest]: no resource found for suffixes {-context.xml, Context.groovy}.
2025-06-03 19:05:18.008  INFO 29362 --- [           main] t.c.s.AnnotationConfigContextLoaderUtils : Could not detect default configuration classes for test class [com.featureflagx.integration.AbstractIntegrationTest]: AbstractIntegrationTest does not declare any static, non-private, non-final, nested classes annotated with @Configuration.
2025-06-03 19:05:18.020  INFO 29362 --- [           main] .b.t.c.SpringBootTestContextBootstrapper : Found @SpringBootConfiguration com.featureflagx.Application for test class com.featureflagx.integration.FlagControllerIntegrationTest
2025-06-03 19:05:18.026  INFO 29362 --- [           main] .b.t.c.SpringBootTestContextBootstrapper : Loaded default TestExecutionListener class names from location [META-INF/spring.factories]: [org.springframework.boot.test.mock.mockito.MockitoTestExecutionListener, org.springframework.boot.test.mock.mockito.ResetMocksTestExecutionListener, org.springframework.boot.test.autoconfigure.restdocs.RestDocsTestExecutionListener, org.springframework.boot.test.autoconfigure.web.client.MockRestServiceServerResetTestExecutionListener, org.springframework.boot.test.autoconfigure.web.servlet.MockMvcPrintOnlyOnFailureTestExecutionListener, org.springframework.boot.test.autoconfigure.web.servlet.WebDriverTestExecutionListener, org.springframework.boot.test.autoconfigure.webservices.client.MockWebServiceServerTestExecutionListener, org.springframework.test.context.web.ServletTestExecutionListener, org.springframework.test.context.support.DirtiesContextBeforeModesTestExecutionListener, org.springframework.test.context.event.ApplicationEventsTestExecutionListener, org.springframework.test.context.support.DependencyInjectionTestExecutionListener, org.springframework.test.context.support.DirtiesContextTestExecutionListener, org.springframework.test.context.transaction.TransactionalTestExecutionListener, org.springframework.test.context.jdbc.SqlScriptsTestExecutionListener, org.springframework.test.context.event.EventPublishingTestExecutionListener]
2025-06-03 19:05:18.027  INFO 29362 --- [           main] .b.t.c.SpringBootTestContextBootstrapper : Using TestExecutionListeners: [org.springframework.test.context.web.ServletTestExecutionListener@3095e9c6, org.springframework.test.context.support.DirtiesContextBeforeModesTestExecutionListener@8802edd, org.springframework.test.context.event.ApplicationEventsTestExecutionListener@50fd4246, org.springframework.boot.test.mock.mockito.MockitoTestExecutionListener@35c55050, org.springframework.boot.test.autoconfigure.SpringBootDependencyInjectionTestExecutionListener@2a0154f7, org.springframework.test.context.support.DirtiesContextTestExecutionListener@237e61ac, org.springframework.test.context.transaction.TransactionalTestExecutionListener@19abe8f7, org.springframework.test.context.jdbc.SqlScriptsTestExecutionListener@6f36c42, org.springframework.test.context.event.EventPublishingTestExecutionListener@26753687, org.springframework.boot.test.mock.mockito.ResetMocksTestExecutionListener@765650e4, org.springframework.boot.test.autoconfigure.restdocs.RestDocsTestExecutionListener@307cf289, org.springframework.boot.test.autoconfigure.web.client.MockRestServiceServerResetTestExecutionListener@2df019b8, org.springframework.boot.test.autoconfigure.web.servlet.MockMvcPrintOnlyOnFailureTestExecutionListener@223ed38f, org.springframework.boot.test.autoconfigure.web.servlet.WebDriverTestExecutionListener@66ab765c, org.springframework.boot.test.autoconfigure.webservices.client.MockWebServiceServerTestExecutionListener@319428ba]
2025-06-03 19:05:18.553  INFO 29362 --- [           main] .t.d.DockerMachineClientProviderStrategy : docker-machine executable was not found on PATH ([/home/ubuntu/.nvm/versions/node/v22.13.0/bin, /usr/local/sbin, /usr/local/bin, /usr/sbin, /usr/bin, /sbin, /bin, /usr/games, /usr/local/games, /snap/bin])
2025-06-03 19:05:18.557 ERROR 29362 --- [           main] o.t.d.DockerClientProviderStrategy       : Could not find a valid Docker environment. Please check configuration. Attempted configurations were:
	UnixSocketClientProviderStrategy: failed with exception InvalidConfigurationException (Could not find unix domain socket). Root cause NoSuchFileException (/var/run/docker.sock)
	DockerDesktopClientProviderStrategy: failed with exception NullPointerException (Cannot invoke "java.nio.file.Path.toString()" because the return value of "org.testcontainers.dockerclient.DockerDesktopClientProviderStrategy.getSocketPath()" is null)As no valid configuration was found, execution cannot continue.
See https://www.testcontainers.org/on_failure.html for more details.
2025-06-03 19:05:18.579  INFO 29362 --- [           main] o.t.utility.ImageNameSubstitutor         : Image name substitution will be performed by: DefaultImageNameSubstitutor (composite of 'ConfigurationFileImageNameSubstitutor' and 'PrefixingImageNameSubstitutor')
]]></system-out>
  </testcase>
</testsuite>